<?xml version="1.0" encoding="UTF-8"?>
<!-- Generated by org.testng.reporters.JUnitReportReporter -->
<testsuite hostname="LAPTOP-HFB3G3CP" failures="0" tests="1" name="testjava.TestCase_01" time="1.433" errors="0" timestamp="2025-08-25T15:54:56 IST" skipped="0">
  <testcase classname="testjava.TestCase_01" name="GPTResponse" time="1.433"/>
  <system-out/>
</testsuite> <!-- testjava.TestCase_01 -->
