<?xml version="1.0" encoding="UTF-8"?>
<!-- Generated by org.testng.reporters.JUnitReportReporter -->
<testsuite hostname="LAPTOP-HFB3G3CP" failures="0" tests="1" name="testjava.TestCase_02" time="0.746" errors="0" timestamp="2025-07-03T22:29:21 IST" skipped="0">
  <testcase classname="testjava.TestCase_02" name="VisualTestRunnerMultipleImage1" time="0.746"/>
  <system-out/>
</testsuite> <!-- testjava.TestCase_02 -->
