<?xml version="1.0" encoding="UTF-8"?>
<!-- Generated by org.testng.reporters.JUnitReportReporter -->
<testsuite hostname="LAPTOP-HFB3G3CP" failures="0" tests="1" name="testjava.TestCase_06" time="15.473" errors="0" timestamp="2025-08-25T17:16:07 IST" skipped="0">
  <testcase classname="testjava.TestCase_06" name="TestDomBaselineExtractor" time="15.473"/>
  <system-out/>
</testsuite> <!-- testjava.TestCase_06 -->
