<?xml version="1.0" encoding="UTF-8"?>
<!-- Generated by org.testng.reporters.JUnitReportReporter -->
<testsuite hostname="LAPTOP-HFB3G3CP" failures="0" tests="1" name="testjava.TestCase_01" time="0.446" errors="0" timestamp="2025-06-08T17:15:06 IST" skipped="0">
  <testcase classname="testjava.TestCase_01" name="VisualTestRunner" time="0.446"/>
  <system-out/>
</testsuite> <!-- testjava.TestCase_01 -->
