<?xml version="1.0" encoding="UTF-8"?>
<!-- Generated by org.testng.reporters.JUnitReportReporter -->
<testsuite hostname="LAPTOP-HFB3G3CP" failures="0" tests="1" name="testjava.TestCase_03" time="0.702" errors="0" timestamp="2025-07-01T20:35:14 IST" skipped="0">
  <testcase classname="testjava.TestCase_03" name="exportA11YHybridTextReportToJson" time="0.702"/>
  <system-out/>
</testsuite> <!-- testjava.TestCase_03 -->
