<?xml version="1.0" encoding="UTF-8"?>
<!-- Generated by org.testng.reporters.JUnitReportReporter -->
<testsuite hostname="LAPTOP-HFB3G3CP" failures="0" tests="1" name="testjava.TestCase_02" time="2.585" errors="0" timestamp="2025-08-03T14:34:08 IST" skipped="0">
  <testcase classname="testjava.TestCase_02" name="VisualTestRunnerMultipleImage1" time="2.585"/>
  <system-out/>
</testsuite> <!-- testjava.TestCase_02 -->
