<?xml version="1.0" encoding="UTF-8"?>
<!-- Generated by org.testng.reporters.JUnitReportReporter -->
<testsuite hostname="LAPTOP-HFB3G3CP" failures="0" tests="1" name="testjava.TestCase_05" time="24.433" errors="0" timestamp="2025-08-05T00:43:08 IST" skipped="0">
  <testcase classname="testjava.TestCase_05" name="testSEOAuditForBatchProcess" time="24.433"/>
  <system-out/>
</testsuite> <!-- testjava.TestCase_05 -->
