<?xml version="1.0" encoding="UTF-8"?>
<!-- Generated by org.testng.reporters.JUnitReportReporter -->
<testsuite hostname="LAPTOP-HFB3G3CP" failures="0" tests="1" name="testjava.TestCase_07" time="3.573" errors="0" timestamp="2025-08-05T00:41:29 IST" skipped="0">
  <testcase classname="testjava.TestCase_07" name="DOMTextComparator" time="3.573"/>
  <system-out/>
</testsuite> <!-- testjava.TestCase_07 -->
