<?xml version="1.0" encoding="UTF-8"?>
<!-- Generated by org.testng.reporters.JUnitReportReporter -->
<testsuite hostname="LAPTOP-HFB3G3CP" failures="0" tests="1" name="testjava.TestCase_08" time="1.259" errors="0" timestamp="2025-09-24T16:51:04 IST" skipped="0">
  <testcase classname="testjava.TestCase_08" name="comparePolicyTypeScreenshots" time="1.259"/>
  <system-out/>
</testsuite> <!-- testjava.TestCase_08 -->
