<?xml version="1.0" encoding="UTF-8"?>
<!-- Generated by org.testng.reporters.JUnitReportReporter -->
<testsuite hostname="LAPTOP-HFB3G3CP" failures="0" tests="1" name="testjava.TestCase_05" time="14.614" errors="0" timestamp="2025-07-01T00:12:23 IST" skipped="0">
  <testcase classname="testjava.TestCase_05" name="testSEOAuditForBatchProcess" time="14.614"/>
  <system-out/>
</testsuite> <!-- testjava.TestCase_05 -->
