<?xml version="1.0" encoding="UTF-8"?>
<!-- Generated by org.testng.reporters.JUnitReportReporter -->
<testsuite hostname="LAPTOP-HFB3G3CP" failures="0" tests="1" name="testjava.TestCase_07" time="3.709" errors="0" timestamp="2025-08-26T02:08:21 IST" skipped="0">
  <testcase classname="testjava.TestCase_07" name="DOMTextComparator" time="3.709"/>
  <system-out/>
</testsuite> <!-- testjava.TestCase_07 -->
