<?xml version="1.0" encoding="UTF-8"?>
<!-- Generated by org.testng.reporters.JUnitReportReporter -->
<testsuite hostname="LAPTOP-HFB3G3CP" failures="0" tests="1" name="testjava.TestCase_03" time="0.745" errors="0" timestamp="2025-08-02T15:34:47 IST" skipped="0">
  <testcase classname="testjava.TestCase_03" name="MistralA11YScoreAnalysis" time="0.745"/>
  <system-out/>
</testsuite> <!-- testjava.TestCase_03 -->
