<?xml version="1.0" encoding="UTF-8"?>
<!-- Generated by org.testng.reporters.JUnitReportReporter -->
<testsuite hostname="LAPTOP-HFB3G3CP" failures="0" tests="1" name="testjava.TestCase_04" time="1.470" errors="0" timestamp="2025-08-05T00:29:08 IST" skipped="0">
  <testcase classname="testjava.TestCase_04" name="HybridReportGeneration" time="1.470"/>
  <system-out/>
</testsuite> <!-- testjava.TestCase_04 -->
